0 info it worked if it ends with ok
1 verbose cli [ '/usr/bin/node', '/usr/bin/npm', 'start' ]
2 info using npm@1.4.3
3 info using node@v0.10.26
4 verbose node symlink /usr/bin/node
5 verbose run-script [ 'prestart', 'start', 'poststart' ]
6 info prestart node-red@0.7.2
7 info start node-red@0.7.2
8 verbose unsafe-perm in lifecycle true
9 info node-red@0.7.2 Failed to exec start script
10 error node-red@0.7.2 start: `node red.js`
10 error Exit status 1
11 error Failed at the node-red@0.7.2 start script.
11 error This is most likely a problem with the node-red package,
11 error not with npm itself.
11 error Tell the author that this fails on your system:
11 error     node red.js
11 error You can get their info via:
11 error     npm owner ls node-red
11 error There is likely additional logging output above.
12 error System Linux 3.11.0-15-generic
13 error command "/usr/bin/node" "/usr/bin/npm" "start"
14 error cwd /opt/git/node-BLUE
15 error node -v v0.10.26
16 error npm -v 1.4.3
17 error code ELIFECYCLE
18 verbose exit [ 1, true ]
